<?xml version="1.0" encoding="UTF-8"?>
<!-- Generated by org.testng.reporters.JUnitReportReporter -->
<testsuite hostname="Nagarros-MBP" failures="0" tests="1" name="com.testvagrant.runner.TestRunner" time="16.608" errors="0" timestamp="2021-05-15T15:47:18 IST" skipped="0">
  <testcase classname="com.testvagrant.runner.TestRunner" name="runScenario" time="16.608"/>
  <system-out/>
</testsuite> <!-- com.testvagrant.runner.TestRunner -->
